# vsim -sv_seed 775851 -coverage -coveranalysis -voptargs="+acc" -assertdebug -c testbench -do "coverage save -codeAll -cvg -onexit wr_when_tx_full_test_775851.ucdb; log -r /*;run -all;" -l wr_when_tx_full_test_775851.log "+UVM_TESTNAME=wr_when_tx_full_test" "+UVM_VERBOSITY=UVM_HIGH" 
# Start time: 20:48:25 on Jul 12,2025
# Loading /tmp/huy_dva4@ictc-eda-ldap-2.ipa.test_dpi_2031763/linux_x86_64_gcc-11/export_tramp.so
# ** Note: (vsim-8009) Loading existing optimized design _opt
# //  Questa Sim-64
# //  Version 10.6d_1 linux_x86_64 Apr 11 2018
# //
# //  Copyright 1991-2018 Mentor Graphics Corporation
# //  All Rights Reserved.
# //
# //  QuestaSim and its associated documentation contain trade
# //  secrets and commercial or financial information that are the property of
# //  Mentor Graphics Corporation and are privileged, confidential,
# //  and exempt from disclosure under the Freedom of Information Act,
# //  5 U.S.C. Section 552. Furthermore, this information
# //  is prohibited from disclosure under the Trade Secrets Act,
# //  18 U.S.C. Section 1905.
# //
# Loading sv_std.std
# Loading work.ahb_if(fast)
# Loading work.uart_if(fast)
# Loading work.uvm_pkg(fast)
# Loading work.ahb_pkg(fast)
# ** Note: (vsim-8785) UVM-aware debugging capabilities will be disabled since no compiled "questa_uvm_pkg" can be found.
# This also means that later if you turn on UVM-aware debugging your debug simulations may have
# different random seeds from your non-debug simulations.
# Loading work.uart_pkg(fast)
# Loading work.seq_pkg(fast)
# Loading work.uart_register_pkg(fast)
# Loading work.uart_regmodel_pkg(fast)
# Loading work.env_pkg(fast)
# Loading work.test_pkg(fast)
# Loading work.testbench(fast)
# Loading work.ahb_if(fast)
# Loading work.uart_if(fast)
# Loading work.uart_top(fast)
# Loading work.cmsdk_ahb_to_apb(fast)
# Loading work.apb_decoder(fast)
# Loading work.uart_fifo(fast)
# Loading work.uart_transmitter(fast)
# Loading work.uart_receiver(fast)
# Loading work.uart_interrupt(fast)
# Loading work.baud_generator(fast)
# Compiling /tmp/huy_dva4@ictc-eda-ldap-2.ipa.test_dpi_2031763/linux_x86_64_gcc-5.3.0/exportwrapper.c
# Compiling /tmp/huy_dva4@ictc-eda-ldap-2.ipa.test_dpi_2031763/linux_x86_64_gcc-11/exportwrapper.c
# Loading /tmp/huy_dva4@ictc-eda-ldap-2.ipa.test_dpi_2031763/linux_x86_64_gcc-11/vsim_auto_compile.so
# coverage save -codeAll -cvg -onexit wr_when_tx_full_test_775851.ucdb
#  log -r /*
# run -all
# UVM_INFO /ictc/other/tools/QuestaDVA/questasim/verilog_src/uvm-1.2/src/base/uvm_root.svh(392) @ 0: reporter [UVM/RELNOTES] 
# ----------------------------------------------------------------
# UVM-1.2
# (C) 2007-2014 Mentor Graphics Corporation
# (C) 2007-2014 Cadence Design Systems, Inc.
# (C) 2006-2014 Synopsys, Inc.
# (C) 2011-2013 Cypress Semiconductor Corp.
# (C) 2013-2014 NVIDIA Corporation
# ----------------------------------------------------------------
# 
#   ***********       IMPORTANT RELEASE NOTES         ************
# 
#   You are using a version of the UVM library that has been compiled
#   with `UVM_NO_DEPRECATED undefined.
#   See http://www.eda.org/svdb/view.php?id=3313 for more details.
# 
#   You are using a version of the UVM library that has been compiled
#   with `UVM_OBJECT_DO_NOT_NEED_CONSTRUCTOR undefined.
#   See http://www.eda.org/svdb/view.php?id=3770 for more details.
# 
#       (Specify +UVM_NO_RELNOTES to turn off this notice)
# 
# UVM_INFO /ictc/other/tools/QuestaDVA/questasim/verilog_src/uvm-1.2/src/base/uvm_root.svh(453) @ 0: reporter [NO_DPI_TSTNAME] UVM_NO_DPI defined--getting UVM_TESTNAME directly, without DPI
# UVM_INFO @ 0: reporter [RNTST] Running test wr_when_tx_full_test...
# UVM_INFO ./../testcases/uart_base_test.sv(110) @ 0: uvm_test_top [build_phase] Entered...
# UVM_INFO ./../testcases/uart_base_test.sv(127) @ 0: uvm_test_top [build_phase] Exitting...
# UVM_INFO ./../testcases/uart_base_test.sv(53) @ 0: uvm_test_top [wr_when_tx_full_test] Completed config uart: 
# ----------------------------------------------
# Name           Type              Size  Value  
# ----------------------------------------------
# cfg            uart_config       -     @374   
#   data_width   integral          32    'd8    
#   parity_type  parity_type_enum  2     EVEN   
#   stop_width   integral          32    'd1    
#   baudrate     integral          32    'd27962
#   mode         mode_enum         32    RX     
#   div          integral          32    'd275  
#   ovsmp        ovsmp_enum        1     x13    
# ----------------------------------------------
# 
# UVM_INFO ./../tb/uart_environment.sv(23) @ 0: uvm_test_top.env [build_phase] Entered...
# UVM_INFO ./../tb/uart_environment.sv(48) @ 0: uvm_test_top.env [build_phase] Exitting...
# UVM_INFO ./../vip/ahb_vip/ahb_agent.sv(19) @ 0: uvm_test_top.env.ahb_agt [ahb_agent] Active agent is configued
# UVM_INFO ./../vip/uart_vip/uart_agent.sv(28) @ 0: uvm_test_top.env.uart_agt [uart_agent] Active agent is configured
# UVM_INFO ./../tb/uart_environment.sv(53) @ 0: uvm_test_top.env [connect_phase] Entered...
# UVM_INFO ./../tb/uart_environment.sv(64) @ 0: uvm_test_top.env [connect_phase] Exiting...
# UVM_INFO /ictc/other/tools/QuestaDVA/questasim/verilog_src/uvm-1.2/src/base/uvm_root.svh(579) @ 0: reporter [UVMTOP] UVM testbench topology:
# -------------------------------------------------------------------------------
# Name                          Type                                  Size  Value
# -------------------------------------------------------------------------------
# uvm_test_top                  wr_when_tx_full_test                  -     @347 
#   env                         uart_environment                      -     @364 
#     ahb_agt                   ahb_agent                             -     @392 
#       driver                  ahb_driver                            -     @512 
#         rsp_port              uvm_analysis_port                     -     @531 
#         seq_item_port         uvm_seq_item_pull_port                -     @521 
#       monitor                 ahb_monitor                           -     @678 
#         mon_ap                uvm_analysis_port                     -     @691 
#       sequencer               ahb_sequencer                         -     @541 
#         rsp_export            uvm_analysis_export                   -     @550 
#         seq_item_export       uvm_seq_item_pull_imp                 -     @668 
#         arbitration_queue     array                                 0     -    
#         lock_queue            array                                 0     -    
#         num_last_reqs         integral                              32    'd1  
#         num_last_rsps         integral                              32    'd1  
#     ahb_predictor             uvm_reg_predictor #(ahb_transaction)  -     @469 
#       bus_in                  uvm_analysis_imp                      -     @478 
#       reg_ap                  uvm_analysis_port                     -     @488 
#     sb                        uart_scoreboard                       -     @410 
#       ahb_export              uvm_analysis_imp_ahb                  -     @728 
#       rx_export               uvm_analysis_imp_rx                   -     @718 
#       tx_export               uvm_analysis_imp_tx                   -     @708 
#     uart_agt                  uart_agent                            -     @401 
#       driver                  uart_driver                           -     @881 
#         rsp_port              uvm_analysis_port                     -     @900 
#         seq_item_port         uvm_seq_item_pull_port                -     @890 
#       monitor                 uart_monitor                          -     @918 
#         uart_observe_port_rx  uvm_analysis_port                     -     @937 
#         uart_observe_port_tx  uvm_analysis_port                     -     @927 
#       sequencer               uart_sequencer                        -     @744 
#         rsp_export            uvm_analysis_export                   -     @753 
#         seq_item_export       uvm_seq_item_pull_imp                 -     @871 
#         arbitration_queue     array                                 0     -    
#         lock_queue            array                                 0     -    
#         num_last_reqs         integral                              32    'd1  
#         num_last_rsps         integral                              32    'd1  
# -------------------------------------------------------------------------------
# 
# UVM_INFO /ictc/other/tools/QuestaDVA/questasim/verilog_src/uvm-1.2/src/base/uvm_traversal.svh(279) @ 0: reporter [UVM/COMP/NAMECHECK] This implementation of the component name checks requires DPI to be enabled
# UVM_INFO ./../regmodel/uart_reg2ahb_adapter.sv(27) @ 0: reporter [uart_reg2ahb_adapter] reg2bus: address = 0x14, data = 0x10, kind = WRITE
# UVM_INFO ./../vip/uart_vip/uart_driver.sv(37) @ 0: uvm_test_top.env.uart_agt.driver [run_phase] ENTERED...
# UVM_INFO ./../vip/ahb_vip/ahb_monitor.sv(22) @ 0: uvm_test_top.env.ahb_agt.monitor [ahb_monitor] Capturing data from DUT
# UVM_INFO ./../vip/ahb_vip/ahb_driver.sv(36) @ 105: uvm_test_top.env.ahb_agt.driver [run_phase] Start WRITE transaction - ADRRESS: 0x14
# UVM_INFO ./../vip/ahb_vip/ahb_driver.sv(62) @ 135: uvm_test_top.env.ahb_agt.driver [run_phase] Completed WRITE transaction at addr 0x14 and data: 0x10
# UVM_INFO ./../regmodel/uart_reg2ahb_adapter.sv(41) @ 135: reporter [uart_reg2ahb_adapter] bus2reg: address = 0x14, data = 0x10, kind = UVM_WRITE, status = UVM_IS_OK
# UVM_INFO @ 135: reporter [RegModel] Wrote register via map regmodel.ahb_map: regmodel.FSR=0x10
# UVM_INFO ./../regmodel/uart_reg2ahb_adapter.sv(27) @ 135: reporter [uart_reg2ahb_adapter] reg2bus: address = 0x10, data = 0x1, kind = WRITE
# UVM_INFO ./../vip/ahb_vip/ahb_monitor.sv(36) @ 136: uvm_test_top.env.ahb_agt.monitor [ahb_monitor] Finish
# UVM_INFO ./../vip/ahb_vip/ahb_monitor.sv(37) @ 136: uvm_test_top.env.ahb_agt.monitor [ahb_monitor] Send trans from monitor to scoreboard: 
# ----------------------------------------------
# Name          Type             Size  Value    
# ----------------------------------------------
# trans         ahb_transaction  -     @1049    
#   xact_type   xact_type_enum   1     WRITE    
#   xfer_size   xfer_size_enum   3     SIZE_8BIT
#   burst_type  burst_type_enum  3     SINGLE   
#   addr        integral         10    'h14     
#   data        integral         32    'h10     
#   prot        integral         4     'h0      
#   lock        integral         1     'h0      
#   resp        integral         1     'h0      
# ----------------------------------------------
# 
# UVM_INFO ./../regmodel/uart_reg2ahb_adapter.sv(41) @ 136: reporter [uart_reg2ahb_adapter] bus2reg: address = 0x14, data = 0x10, kind = UVM_WRITE, status = UVM_IS_OK
# UVM_INFO /ictc/other/tools/QuestaDVA/questasim/verilog_src/uvm-1.2/src/reg/uvm_reg_predictor.svh(221) @ 136: uvm_test_top.env.ahb_predictor [REG_PREDICT] Observed WRITE transaction to register regmodel.FSR: value='h10 : updated value = 'h0
# UVM_INFO ./../vip/ahb_vip/ahb_monitor.sv(22) @ 136: uvm_test_top.env.ahb_agt.monitor [ahb_monitor] Capturing data from DUT
# UVM_INFO ./../vip/ahb_vip/ahb_driver.sv(36) @ 145: uvm_test_top.env.ahb_agt.driver [run_phase] Start WRITE transaction - ADRRESS: 0x10
# UVM_INFO ./../vip/ahb_vip/ahb_driver.sv(62) @ 175: uvm_test_top.env.ahb_agt.driver [run_phase] Completed WRITE transaction at addr 0x10 and data: 0x1
# UVM_INFO ./../regmodel/uart_reg2ahb_adapter.sv(41) @ 175: reporter [uart_reg2ahb_adapter] bus2reg: address = 0x10, data = 0x1, kind = UVM_WRITE, status = UVM_IS_OK
# UVM_INFO @ 175: reporter [RegModel] Wrote register via map regmodel.ahb_map: regmodel.IER=0x1
# UVM_INFO ./../regmodel/uart_reg2ahb_adapter.sv(27) @ 175: reporter [uart_reg2ahb_adapter] reg2bus: address = 0x0, data = 0x1, kind = WRITE
# UVM_INFO ./../vip/ahb_vip/ahb_monitor.sv(36) @ 176: uvm_test_top.env.ahb_agt.monitor [ahb_monitor] Finish
# UVM_INFO ./../vip/ahb_vip/ahb_monitor.sv(37) @ 176: uvm_test_top.env.ahb_agt.monitor [ahb_monitor] Send trans from monitor to scoreboard: 
# ----------------------------------------------
# Name          Type             Size  Value    
# ----------------------------------------------
# trans         ahb_transaction  -     @1096    
#   xact_type   xact_type_enum   1     WRITE    
#   xfer_size   xfer_size_enum   3     SIZE_8BIT
#   burst_type  burst_type_enum  3     SINGLE   
#   addr        integral         10    'h10     
#   data        integral         32    'h1      
#   prot        integral         4     'h0      
#   lock        integral         1     'h0      
#   resp        integral         1     'h0      
# ----------------------------------------------
# 
# UVM_INFO ./../regmodel/uart_reg2ahb_adapter.sv(41) @ 176: reporter [uart_reg2ahb_adapter] bus2reg: address = 0x10, data = 0x1, kind = UVM_WRITE, status = UVM_IS_OK
# UVM_INFO /ictc/other/tools/QuestaDVA/questasim/verilog_src/uvm-1.2/src/reg/uvm_reg_predictor.svh(221) @ 176: uvm_test_top.env.ahb_predictor [REG_PREDICT] Observed WRITE transaction to register regmodel.IER: value='h1 : updated value = 'h1
# UVM_INFO ./../vip/ahb_vip/ahb_monitor.sv(22) @ 176: uvm_test_top.env.ahb_agt.monitor [ahb_monitor] Capturing data from DUT
# UVM_INFO ./../vip/ahb_vip/ahb_driver.sv(36) @ 185: uvm_test_top.env.ahb_agt.driver [run_phase] Start WRITE transaction - ADRRESS: 0x0
# UVM_INFO ./../vip/ahb_vip/ahb_driver.sv(62) @ 215: uvm_test_top.env.ahb_agt.driver [run_phase] Completed WRITE transaction at addr 0x0 and data: 0x1
# UVM_INFO ./../regmodel/uart_reg2ahb_adapter.sv(41) @ 215: reporter [uart_reg2ahb_adapter] bus2reg: address = 0x0, data = 0x1, kind = UVM_WRITE, status = UVM_IS_OK
# UVM_INFO @ 215: reporter [RegModel] Wrote register via map regmodel.ahb_map: regmodel.MDR=0x1
# UVM_INFO ./../regmodel/uart_reg2ahb_adapter.sv(27) @ 215: reporter [uart_reg2ahb_adapter] reg2bus: address = 0x4, data = 0x13, kind = WRITE
# UVM_INFO ./../vip/ahb_vip/ahb_monitor.sv(36) @ 216: uvm_test_top.env.ahb_agt.monitor [ahb_monitor] Finish
# UVM_INFO ./../vip/ahb_vip/ahb_monitor.sv(37) @ 216: uvm_test_top.env.ahb_agt.monitor [ahb_monitor] Send trans from monitor to scoreboard: 
# ----------------------------------------------
# Name          Type             Size  Value    
# ----------------------------------------------
# trans         ahb_transaction  -     @1142    
#   xact_type   xact_type_enum   1     WRITE    
#   xfer_size   xfer_size_enum   3     SIZE_8BIT
#   burst_type  burst_type_enum  3     SINGLE   
#   addr        integral         10    'h0      
#   data        integral         32    'h1      
#   prot        integral         4     'h0      
#   lock        integral         1     'h0      
#   resp        integral         1     'h0      
# ----------------------------------------------
# 
# UVM_INFO ./../regmodel/uart_reg2ahb_adapter.sv(41) @ 216: reporter [uart_reg2ahb_adapter] bus2reg: address = 0x0, data = 0x1, kind = UVM_WRITE, status = UVM_IS_OK
# UVM_INFO /ictc/other/tools/QuestaDVA/questasim/verilog_src/uvm-1.2/src/reg/uvm_reg_predictor.svh(221) @ 216: uvm_test_top.env.ahb_predictor [REG_PREDICT] Observed WRITE transaction to register regmodel.MDR: value='h1 : updated value = 'h1
# UVM_INFO ./../vip/ahb_vip/ahb_monitor.sv(22) @ 216: uvm_test_top.env.ahb_agt.monitor [ahb_monitor] Capturing data from DUT
# UVM_INFO ./../vip/ahb_vip/ahb_driver.sv(36) @ 225: uvm_test_top.env.ahb_agt.driver [run_phase] Start WRITE transaction - ADRRESS: 0x4
# UVM_INFO ./../vip/ahb_vip/ahb_driver.sv(62) @ 255: uvm_test_top.env.ahb_agt.driver [run_phase] Completed WRITE transaction at addr 0x4 and data: 0x13
# UVM_INFO ./../regmodel/uart_reg2ahb_adapter.sv(41) @ 255: reporter [uart_reg2ahb_adapter] bus2reg: address = 0x4, data = 0x13, kind = UVM_WRITE, status = UVM_IS_OK
# UVM_INFO @ 255: reporter [RegModel] Wrote register via map regmodel.ahb_map: regmodel.DLL=0x13
# UVM_INFO ./../regmodel/uart_reg2ahb_adapter.sv(27) @ 255: reporter [uart_reg2ahb_adapter] reg2bus: address = 0x8, data = 0x1, kind = WRITE
# UVM_INFO ./../vip/ahb_vip/ahb_monitor.sv(36) @ 256: uvm_test_top.env.ahb_agt.monitor [ahb_monitor] Finish
# UVM_INFO ./../vip/ahb_vip/ahb_monitor.sv(37) @ 256: uvm_test_top.env.ahb_agt.monitor [ahb_monitor] Send trans from monitor to scoreboard: 
# ----------------------------------------------
# Name          Type             Size  Value    
# ----------------------------------------------
# trans         ahb_transaction  -     @1188    
#   xact_type   xact_type_enum   1     WRITE    
#   xfer_size   xfer_size_enum   3     SIZE_8BIT
#   burst_type  burst_type_enum  3     SINGLE   
#   addr        integral         10    'h4      
#   data        integral         32    'h13     
#   prot        integral         4     'h0      
#   lock        integral         1     'h0      
#   resp        integral         1     'h0      
# ----------------------------------------------
# 
# UVM_INFO ./../regmodel/uart_reg2ahb_adapter.sv(41) @ 256: reporter [uart_reg2ahb_adapter] bus2reg: address = 0x4, data = 0x13, kind = UVM_WRITE, status = UVM_IS_OK
# UVM_INFO /ictc/other/tools/QuestaDVA/questasim/verilog_src/uvm-1.2/src/reg/uvm_reg_predictor.svh(221) @ 256: uvm_test_top.env.ahb_predictor [REG_PREDICT] Observed WRITE transaction to register regmodel.DLL: value='h13 : updated value = 'h13
# UVM_INFO ./../vip/ahb_vip/ahb_monitor.sv(22) @ 256: uvm_test_top.env.ahb_agt.monitor [ahb_monitor] Capturing data from DUT
# UVM_INFO ./../vip/ahb_vip/ahb_driver.sv(36) @ 265: uvm_test_top.env.ahb_agt.driver [run_phase] Start WRITE transaction - ADRRESS: 0x8
# UVM_INFO ./../vip/ahb_vip/ahb_driver.sv(62) @ 295: uvm_test_top.env.ahb_agt.driver [run_phase] Completed WRITE transaction at addr 0x8 and data: 0x1
# UVM_INFO ./../regmodel/uart_reg2ahb_adapter.sv(41) @ 295: reporter [uart_reg2ahb_adapter] bus2reg: address = 0x8, data = 0x1, kind = UVM_WRITE, status = UVM_IS_OK
# UVM_INFO @ 295: reporter [RegModel] Wrote register via map regmodel.ahb_map: regmodel.DLH=0x1
# UVM_INFO ./../regmodel/uart_reg2ahb_adapter.sv(27) @ 295: reporter [uart_reg2ahb_adapter] reg2bus: address = 0xc, data = 0x3b, kind = WRITE
# UVM_INFO ./../vip/ahb_vip/ahb_monitor.sv(36) @ 296: uvm_test_top.env.ahb_agt.monitor [ahb_monitor] Finish
# UVM_INFO ./../vip/ahb_vip/ahb_monitor.sv(37) @ 296: uvm_test_top.env.ahb_agt.monitor [ahb_monitor] Send trans from monitor to scoreboard: 
# ----------------------------------------------
# Name          Type             Size  Value    
# ----------------------------------------------
# trans         ahb_transaction  -     @1234    
#   xact_type   xact_type_enum   1     WRITE    
#   xfer_size   xfer_size_enum   3     SIZE_8BIT
#   burst_type  burst_type_enum  3     SINGLE   
#   addr        integral         10    'h8      
#   data        integral         32    'h1      
#   prot        integral         4     'h0      
#   lock        integral         1     'h0      
#   resp        integral         1     'h0      
# ----------------------------------------------
# 
# UVM_INFO ./../regmodel/uart_reg2ahb_adapter.sv(41) @ 296: reporter [uart_reg2ahb_adapter] bus2reg: address = 0x8, data = 0x1, kind = UVM_WRITE, status = UVM_IS_OK
# UVM_INFO /ictc/other/tools/QuestaDVA/questasim/verilog_src/uvm-1.2/src/reg/uvm_reg_predictor.svh(221) @ 296: uvm_test_top.env.ahb_predictor [REG_PREDICT] Observed WRITE transaction to register regmodel.DLH: value='h1 : updated value = 'h1
# UVM_INFO ./../vip/ahb_vip/ahb_monitor.sv(22) @ 296: uvm_test_top.env.ahb_agt.monitor [ahb_monitor] Capturing data from DUT
# UVM_INFO ./../vip/ahb_vip/ahb_driver.sv(36) @ 305: uvm_test_top.env.ahb_agt.driver [run_phase] Start WRITE transaction - ADRRESS: 0xc
# UVM_INFO ./../vip/ahb_vip/ahb_driver.sv(62) @ 335: uvm_test_top.env.ahb_agt.driver [run_phase] Completed WRITE transaction at addr 0xc and data: 0x3b
# UVM_INFO ./../regmodel/uart_reg2ahb_adapter.sv(41) @ 335: reporter [uart_reg2ahb_adapter] bus2reg: address = 0xc, data = 0x3b, kind = UVM_WRITE, status = UVM_IS_OK
# UVM_INFO @ 335: reporter [RegModel] Wrote register via map regmodel.ahb_map: regmodel.LCR=0x3b
# UVM_INFO ./../regmodel/uart_reg2ahb_adapter.sv(27) @ 335: reporter [uart_reg2ahb_adapter] reg2bus: address = 0x18, data = 0x91, kind = WRITE
# UVM_INFO ./../vip/ahb_vip/ahb_monitor.sv(36) @ 336: uvm_test_top.env.ahb_agt.monitor [ahb_monitor] Finish
# UVM_INFO ./../vip/ahb_vip/ahb_monitor.sv(37) @ 336: uvm_test_top.env.ahb_agt.monitor [ahb_monitor] Send trans from monitor to scoreboard: 
# ----------------------------------------------
# Name          Type             Size  Value    
# ----------------------------------------------
# trans         ahb_transaction  -     @1280    
#   xact_type   xact_type_enum   1     WRITE    
#   xfer_size   xfer_size_enum   3     SIZE_8BIT
#   burst_type  burst_type_enum  3     SINGLE   
#   addr        integral         10    'hc      
#   data        integral         32    'h3b     
#   prot        integral         4     'h0      
#   lock        integral         1     'h0      
#   resp        integral         1     'h0      
# ----------------------------------------------
# 
# UVM_INFO ./../regmodel/uart_reg2ahb_adapter.sv(41) @ 336: reporter [uart_reg2ahb_adapter] bus2reg: address = 0xc, data = 0x3b, kind = UVM_WRITE, status = UVM_IS_OK
# UVM_INFO /ictc/other/tools/QuestaDVA/questasim/verilog_src/uvm-1.2/src/reg/uvm_reg_predictor.svh(221) @ 336: uvm_test_top.env.ahb_predictor [REG_PREDICT] Observed WRITE transaction to register regmodel.LCR: value='h3b : updated value = 'h3b
# UVM_INFO ./../vip/ahb_vip/ahb_monitor.sv(22) @ 336: uvm_test_top.env.ahb_agt.monitor [ahb_monitor] Capturing data from DUT
# UVM_INFO ./../vip/ahb_vip/ahb_driver.sv(36) @ 345: uvm_test_top.env.ahb_agt.driver [run_phase] Start WRITE transaction - ADRRESS: 0x18
# UVM_INFO ./../vip/ahb_vip/ahb_driver.sv(62) @ 375: uvm_test_top.env.ahb_agt.driver [run_phase] Completed WRITE transaction at addr 0x18 and data: 0x91
# UVM_INFO ./../regmodel/uart_reg2ahb_adapter.sv(41) @ 375: reporter [uart_reg2ahb_adapter] bus2reg: address = 0x18, data = 0x91, kind = UVM_WRITE, status = UVM_IS_OK
# UVM_INFO @ 375: reporter [RegModel] Wrote register via map regmodel.ahb_map: regmodel.TBR=0x91
# UVM_INFO ./../regmodel/uart_reg2ahb_adapter.sv(27) @ 375: reporter [uart_reg2ahb_adapter] reg2bus: address = 0x18, data = 0xe3, kind = WRITE
# UVM_INFO ./../vip/ahb_vip/ahb_monitor.sv(36) @ 376: uvm_test_top.env.ahb_agt.monitor [ahb_monitor] Finish
# UVM_INFO ./../vip/ahb_vip/ahb_monitor.sv(37) @ 376: uvm_test_top.env.ahb_agt.monitor [ahb_monitor] Send trans from monitor to scoreboard: 
# ----------------------------------------------
# Name          Type             Size  Value    
# ----------------------------------------------
# trans         ahb_transaction  -     @1326    
#   xact_type   xact_type_enum   1     WRITE    
#   xfer_size   xfer_size_enum   3     SIZE_8BIT
#   burst_type  burst_type_enum  3     SINGLE   
#   addr        integral         10    'h18     
#   data        integral         32    'h91     
#   prot        integral         4     'h0      
#   lock        integral         1     'h0      
#   resp        integral         1     'h0      
# ----------------------------------------------
# 
# UVM_INFO ./../regmodel/uart_reg2ahb_adapter.sv(41) @ 376: reporter [uart_reg2ahb_adapter] bus2reg: address = 0x18, data = 0x91, kind = UVM_WRITE, status = UVM_IS_OK
# UVM_INFO /ictc/other/tools/QuestaDVA/questasim/verilog_src/uvm-1.2/src/reg/uvm_reg_predictor.svh(221) @ 376: uvm_test_top.env.ahb_predictor [REG_PREDICT] Observed WRITE transaction to register regmodel.TBR: value='h91 : updated value = 'h91
# UVM_INFO ./../vip/ahb_vip/ahb_monitor.sv(22) @ 376: uvm_test_top.env.ahb_agt.monitor [ahb_monitor] Capturing data from DUT
# UVM_INFO ./../vip/ahb_vip/ahb_driver.sv(36) @ 385: uvm_test_top.env.ahb_agt.driver [run_phase] Start WRITE transaction - ADRRESS: 0x18
# UVM_INFO ./../vip/ahb_vip/ahb_driver.sv(62) @ 415: uvm_test_top.env.ahb_agt.driver [run_phase] Completed WRITE transaction at addr 0x18 and data: 0xe3
# UVM_INFO ./../regmodel/uart_reg2ahb_adapter.sv(41) @ 415: reporter [uart_reg2ahb_adapter] bus2reg: address = 0x18, data = 0xe3, kind = UVM_WRITE, status = UVM_IS_OK
# UVM_INFO @ 415: reporter [RegModel] Wrote register via map regmodel.ahb_map: regmodel.TBR=0xe3
# UVM_INFO ./../regmodel/uart_reg2ahb_adapter.sv(27) @ 415: reporter [uart_reg2ahb_adapter] reg2bus: address = 0x18, data = 0xd3, kind = WRITE
# UVM_INFO ./../vip/ahb_vip/ahb_monitor.sv(36) @ 416: uvm_test_top.env.ahb_agt.monitor [ahb_monitor] Finish
# UVM_INFO ./../vip/ahb_vip/ahb_monitor.sv(37) @ 416: uvm_test_top.env.ahb_agt.monitor [ahb_monitor] Send trans from monitor to scoreboard: 
# ----------------------------------------------
# Name          Type             Size  Value    
# ----------------------------------------------
# trans         ahb_transaction  -     @1372    
#   xact_type   xact_type_enum   1     WRITE    
#   xfer_size   xfer_size_enum   3     SIZE_8BIT
#   burst_type  burst_type_enum  3     SINGLE   
#   addr        integral         10    'h18     
#   data        integral         32    'he3     
#   prot        integral         4     'h0      
#   lock        integral         1     'h0      
#   resp        integral         1     'h0      
# ----------------------------------------------
# 
# UVM_INFO ./../regmodel/uart_reg2ahb_adapter.sv(41) @ 416: reporter [uart_reg2ahb_adapter] bus2reg: address = 0x18, data = 0xe3, kind = UVM_WRITE, status = UVM_IS_OK
# UVM_INFO /ictc/other/tools/QuestaDVA/questasim/verilog_src/uvm-1.2/src/reg/uvm_reg_predictor.svh(221) @ 416: uvm_test_top.env.ahb_predictor [REG_PREDICT] Observed WRITE transaction to register regmodel.TBR: value='he3 : updated value = 'he3
# UVM_INFO ./../vip/ahb_vip/ahb_monitor.sv(22) @ 416: uvm_test_top.env.ahb_agt.monitor [ahb_monitor] Capturing data from DUT
# UVM_INFO ./../vip/ahb_vip/ahb_driver.sv(36) @ 425: uvm_test_top.env.ahb_agt.driver [run_phase] Start WRITE transaction - ADRRESS: 0x18
# UVM_INFO ./../vip/ahb_vip/ahb_driver.sv(62) @ 455: uvm_test_top.env.ahb_agt.driver [run_phase] Completed WRITE transaction at addr 0x18 and data: 0xd3
# UVM_INFO ./../regmodel/uart_reg2ahb_adapter.sv(41) @ 455: reporter [uart_reg2ahb_adapter] bus2reg: address = 0x18, data = 0xd3, kind = UVM_WRITE, status = UVM_IS_OK
# UVM_INFO @ 455: reporter [RegModel] Wrote register via map regmodel.ahb_map: regmodel.TBR=0xd3
# UVM_INFO ./../regmodel/uart_reg2ahb_adapter.sv(27) @ 455: reporter [uart_reg2ahb_adapter] reg2bus: address = 0x18, data = 0x93, kind = WRITE
# UVM_INFO ./../vip/ahb_vip/ahb_monitor.sv(36) @ 456: uvm_test_top.env.ahb_agt.monitor [ahb_monitor] Finish
# UVM_INFO ./../vip/ahb_vip/ahb_monitor.sv(37) @ 456: uvm_test_top.env.ahb_agt.monitor [ahb_monitor] Send trans from monitor to scoreboard: 
# ----------------------------------------------
# Name          Type             Size  Value    
# ----------------------------------------------
# trans         ahb_transaction  -     @1418    
#   xact_type   xact_type_enum   1     WRITE    
#   xfer_size   xfer_size_enum   3     SIZE_8BIT
#   burst_type  burst_type_enum  3     SINGLE   
#   addr        integral         10    'h18     
#   data        integral         32    'hd3     
#   prot        integral         4     'h0      
#   lock        integral         1     'h0      
#   resp        integral         1     'h0      
# ----------------------------------------------
# 
# UVM_INFO ./../regmodel/uart_reg2ahb_adapter.sv(41) @ 456: reporter [uart_reg2ahb_adapter] bus2reg: address = 0x18, data = 0xd3, kind = UVM_WRITE, status = UVM_IS_OK
# UVM_INFO /ictc/other/tools/QuestaDVA/questasim/verilog_src/uvm-1.2/src/reg/uvm_reg_predictor.svh(221) @ 456: uvm_test_top.env.ahb_predictor [REG_PREDICT] Observed WRITE transaction to register regmodel.TBR: value='hd3 : updated value = 'hd3
# UVM_INFO ./../vip/ahb_vip/ahb_monitor.sv(22) @ 456: uvm_test_top.env.ahb_agt.monitor [ahb_monitor] Capturing data from DUT
# UVM_INFO ./../vip/ahb_vip/ahb_driver.sv(36) @ 465: uvm_test_top.env.ahb_agt.driver [run_phase] Start WRITE transaction - ADRRESS: 0x18
# UVM_INFO ./../vip/ahb_vip/ahb_driver.sv(62) @ 495: uvm_test_top.env.ahb_agt.driver [run_phase] Completed WRITE transaction at addr 0x18 and data: 0x93
# UVM_INFO ./../regmodel/uart_reg2ahb_adapter.sv(41) @ 495: reporter [uart_reg2ahb_adapter] bus2reg: address = 0x18, data = 0x93, kind = UVM_WRITE, status = UVM_IS_OK
# UVM_INFO @ 495: reporter [RegModel] Wrote register via map regmodel.ahb_map: regmodel.TBR=0x93
# UVM_INFO ./../regmodel/uart_reg2ahb_adapter.sv(27) @ 495: reporter [uart_reg2ahb_adapter] reg2bus: address = 0x18, data = 0x2b, kind = WRITE
# UVM_INFO ./../vip/ahb_vip/ahb_monitor.sv(36) @ 496: uvm_test_top.env.ahb_agt.monitor [ahb_monitor] Finish
# UVM_INFO ./../vip/ahb_vip/ahb_monitor.sv(37) @ 496: uvm_test_top.env.ahb_agt.monitor [ahb_monitor] Send trans from monitor to scoreboard: 
# ----------------------------------------------
# Name          Type             Size  Value    
# ----------------------------------------------
# trans         ahb_transaction  -     @1464    
#   xact_type   xact_type_enum   1     WRITE    
#   xfer_size   xfer_size_enum   3     SIZE_8BIT
#   burst_type  burst_type_enum  3     SINGLE   
#   addr        integral         10    'h18     
#   data        integral         32    'h93     
#   prot        integral         4     'h0      
#   lock        integral         1     'h0      
#   resp        integral         1     'h0      
# ----------------------------------------------
# 
# UVM_INFO ./../regmodel/uart_reg2ahb_adapter.sv(41) @ 496: reporter [uart_reg2ahb_adapter] bus2reg: address = 0x18, data = 0x93, kind = UVM_WRITE, status = UVM_IS_OK
# UVM_INFO /ictc/other/tools/QuestaDVA/questasim/verilog_src/uvm-1.2/src/reg/uvm_reg_predictor.svh(221) @ 496: uvm_test_top.env.ahb_predictor [REG_PREDICT] Observed WRITE transaction to register regmodel.TBR: value='h93 : updated value = 'h93
# UVM_INFO ./../vip/ahb_vip/ahb_monitor.sv(22) @ 496: uvm_test_top.env.ahb_agt.monitor [ahb_monitor] Capturing data from DUT
# UVM_INFO ./../vip/ahb_vip/ahb_driver.sv(36) @ 505: uvm_test_top.env.ahb_agt.driver [run_phase] Start WRITE transaction - ADRRESS: 0x18
# UVM_INFO ./../vip/ahb_vip/ahb_driver.sv(62) @ 535: uvm_test_top.env.ahb_agt.driver [run_phase] Completed WRITE transaction at addr 0x18 and data: 0x2b
# UVM_INFO ./../regmodel/uart_reg2ahb_adapter.sv(41) @ 535: reporter [uart_reg2ahb_adapter] bus2reg: address = 0x18, data = 0x2b, kind = UVM_WRITE, status = UVM_IS_OK
# UVM_INFO @ 535: reporter [RegModel] Wrote register via map regmodel.ahb_map: regmodel.TBR=0x2b
# UVM_INFO ./../regmodel/uart_reg2ahb_adapter.sv(27) @ 535: reporter [uart_reg2ahb_adapter] reg2bus: address = 0x18, data = 0x8e, kind = WRITE
# UVM_INFO ./../vip/ahb_vip/ahb_monitor.sv(36) @ 536: uvm_test_top.env.ahb_agt.monitor [ahb_monitor] Finish
# UVM_INFO ./../vip/ahb_vip/ahb_monitor.sv(37) @ 536: uvm_test_top.env.ahb_agt.monitor [ahb_monitor] Send trans from monitor to scoreboard: 
# ----------------------------------------------
# Name          Type             Size  Value    
# ----------------------------------------------
# trans         ahb_transaction  -     @1510    
#   xact_type   xact_type_enum   1     WRITE    
#   xfer_size   xfer_size_enum   3     SIZE_8BIT
#   burst_type  burst_type_enum  3     SINGLE   
#   addr        integral         10    'h18     
#   data        integral         32    'h2b     
#   prot        integral         4     'h0      
#   lock        integral         1     'h0      
#   resp        integral         1     'h0      
# ----------------------------------------------
# 
# UVM_INFO ./../regmodel/uart_reg2ahb_adapter.sv(41) @ 536: reporter [uart_reg2ahb_adapter] bus2reg: address = 0x18, data = 0x2b, kind = UVM_WRITE, status = UVM_IS_OK
# UVM_INFO /ictc/other/tools/QuestaDVA/questasim/verilog_src/uvm-1.2/src/reg/uvm_reg_predictor.svh(221) @ 536: uvm_test_top.env.ahb_predictor [REG_PREDICT] Observed WRITE transaction to register regmodel.TBR: value='h2b : updated value = 'h2b
# UVM_INFO ./../vip/ahb_vip/ahb_monitor.sv(22) @ 536: uvm_test_top.env.ahb_agt.monitor [ahb_monitor] Capturing data from DUT
# UVM_INFO ./../vip/ahb_vip/ahb_driver.sv(36) @ 545: uvm_test_top.env.ahb_agt.driver [run_phase] Start WRITE transaction - ADRRESS: 0x18
# UVM_INFO ./../vip/ahb_vip/ahb_driver.sv(62) @ 575: uvm_test_top.env.ahb_agt.driver [run_phase] Completed WRITE transaction at addr 0x18 and data: 0x8e
# UVM_INFO ./../regmodel/uart_reg2ahb_adapter.sv(41) @ 575: reporter [uart_reg2ahb_adapter] bus2reg: address = 0x18, data = 0x8e, kind = UVM_WRITE, status = UVM_IS_OK
# UVM_INFO @ 575: reporter [RegModel] Wrote register via map regmodel.ahb_map: regmodel.TBR=0x8e
# UVM_INFO ./../regmodel/uart_reg2ahb_adapter.sv(27) @ 575: reporter [uart_reg2ahb_adapter] reg2bus: address = 0x18, data = 0x36, kind = WRITE
# UVM_INFO ./../vip/ahb_vip/ahb_monitor.sv(36) @ 576: uvm_test_top.env.ahb_agt.monitor [ahb_monitor] Finish
# UVM_INFO ./../vip/ahb_vip/ahb_monitor.sv(37) @ 576: uvm_test_top.env.ahb_agt.monitor [ahb_monitor] Send trans from monitor to scoreboard: 
# ----------------------------------------------
# Name          Type             Size  Value    
# ----------------------------------------------
# trans         ahb_transaction  -     @1556    
#   xact_type   xact_type_enum   1     WRITE    
#   xfer_size   xfer_size_enum   3     SIZE_8BIT
#   burst_type  burst_type_enum  3     SINGLE   
#   addr        integral         10    'h18     
#   data        integral         32    'h8e     
#   prot        integral         4     'h0      
#   lock        integral         1     'h0      
#   resp        integral         1     'h0      
# ----------------------------------------------
# 
# UVM_INFO ./../regmodel/uart_reg2ahb_adapter.sv(41) @ 576: reporter [uart_reg2ahb_adapter] bus2reg: address = 0x18, data = 0x8e, kind = UVM_WRITE, status = UVM_IS_OK
# UVM_INFO /ictc/other/tools/QuestaDVA/questasim/verilog_src/uvm-1.2/src/reg/uvm_reg_predictor.svh(221) @ 576: uvm_test_top.env.ahb_predictor [REG_PREDICT] Observed WRITE transaction to register regmodel.TBR: value='h8e : updated value = 'h8e
# UVM_INFO ./../vip/ahb_vip/ahb_monitor.sv(22) @ 576: uvm_test_top.env.ahb_agt.monitor [ahb_monitor] Capturing data from DUT
# UVM_INFO ./../vip/ahb_vip/ahb_driver.sv(36) @ 585: uvm_test_top.env.ahb_agt.driver [run_phase] Start WRITE transaction - ADRRESS: 0x18
# UVM_INFO ./../vip/ahb_vip/ahb_driver.sv(62) @ 615: uvm_test_top.env.ahb_agt.driver [run_phase] Completed WRITE transaction at addr 0x18 and data: 0x36
# UVM_INFO ./../regmodel/uart_reg2ahb_adapter.sv(41) @ 615: reporter [uart_reg2ahb_adapter] bus2reg: address = 0x18, data = 0x36, kind = UVM_WRITE, status = UVM_IS_OK
# UVM_INFO @ 615: reporter [RegModel] Wrote register via map regmodel.ahb_map: regmodel.TBR=0x36
# UVM_INFO ./../regmodel/uart_reg2ahb_adapter.sv(27) @ 615: reporter [uart_reg2ahb_adapter] reg2bus: address = 0x18, data = 0xf1, kind = WRITE
# UVM_INFO ./../vip/ahb_vip/ahb_monitor.sv(36) @ 616: uvm_test_top.env.ahb_agt.monitor [ahb_monitor] Finish
# UVM_INFO ./../vip/ahb_vip/ahb_monitor.sv(37) @ 616: uvm_test_top.env.ahb_agt.monitor [ahb_monitor] Send trans from monitor to scoreboard: 
# ----------------------------------------------
# Name          Type             Size  Value    
# ----------------------------------------------
# trans         ahb_transaction  -     @1602    
#   xact_type   xact_type_enum   1     WRITE    
#   xfer_size   xfer_size_enum   3     SIZE_8BIT
#   burst_type  burst_type_enum  3     SINGLE   
#   addr        integral         10    'h18     
#   data        integral         32    'h36     
#   prot        integral         4     'h0      
#   lock        integral         1     'h0      
#   resp        integral         1     'h0      
# ----------------------------------------------
# 
# UVM_INFO ./../regmodel/uart_reg2ahb_adapter.sv(41) @ 616: reporter [uart_reg2ahb_adapter] bus2reg: address = 0x18, data = 0x36, kind = UVM_WRITE, status = UVM_IS_OK
# UVM_INFO /ictc/other/tools/QuestaDVA/questasim/verilog_src/uvm-1.2/src/reg/uvm_reg_predictor.svh(221) @ 616: uvm_test_top.env.ahb_predictor [REG_PREDICT] Observed WRITE transaction to register regmodel.TBR: value='h36 : updated value = 'h36
# UVM_INFO ./../vip/ahb_vip/ahb_monitor.sv(22) @ 616: uvm_test_top.env.ahb_agt.monitor [ahb_monitor] Capturing data from DUT
# UVM_INFO ./../vip/ahb_vip/ahb_driver.sv(36) @ 625: uvm_test_top.env.ahb_agt.driver [run_phase] Start WRITE transaction - ADRRESS: 0x18
# UVM_INFO ./../vip/ahb_vip/ahb_driver.sv(62) @ 655: uvm_test_top.env.ahb_agt.driver [run_phase] Completed WRITE transaction at addr 0x18 and data: 0xf1
# UVM_INFO ./../regmodel/uart_reg2ahb_adapter.sv(41) @ 655: reporter [uart_reg2ahb_adapter] bus2reg: address = 0x18, data = 0xf1, kind = UVM_WRITE, status = UVM_IS_OK
# UVM_INFO @ 655: reporter [RegModel] Wrote register via map regmodel.ahb_map: regmodel.TBR=0xf1
# UVM_INFO ./../regmodel/uart_reg2ahb_adapter.sv(27) @ 655: reporter [uart_reg2ahb_adapter] reg2bus: address = 0x18, data = 0x79, kind = WRITE
# UVM_INFO ./../vip/ahb_vip/ahb_monitor.sv(36) @ 656: uvm_test_top.env.ahb_agt.monitor [ahb_monitor] Finish
# UVM_INFO ./../vip/ahb_vip/ahb_monitor.sv(37) @ 656: uvm_test_top.env.ahb_agt.monitor [ahb_monitor] Send trans from monitor to scoreboard: 
# ----------------------------------------------
# Name          Type             Size  Value    
# ----------------------------------------------
# trans         ahb_transaction  -     @1648    
#   xact_type   xact_type_enum   1     WRITE    
#   xfer_size   xfer_size_enum   3     SIZE_8BIT
#   burst_type  burst_type_enum  3     SINGLE   
#   addr        integral         10    'h18     
#   data        integral         32    'hf1     
#   prot        integral         4     'h0      
#   lock        integral         1     'h0      
#   resp        integral         1     'h0      
# ----------------------------------------------
# 
# UVM_INFO ./../regmodel/uart_reg2ahb_adapter.sv(41) @ 656: reporter [uart_reg2ahb_adapter] bus2reg: address = 0x18, data = 0xf1, kind = UVM_WRITE, status = UVM_IS_OK
# UVM_INFO /ictc/other/tools/QuestaDVA/questasim/verilog_src/uvm-1.2/src/reg/uvm_reg_predictor.svh(221) @ 656: uvm_test_top.env.ahb_predictor [REG_PREDICT] Observed WRITE transaction to register regmodel.TBR: value='hf1 : updated value = 'hf1
# UVM_INFO ./../vip/ahb_vip/ahb_monitor.sv(22) @ 656: uvm_test_top.env.ahb_agt.monitor [ahb_monitor] Capturing data from DUT
# UVM_INFO ./../vip/ahb_vip/ahb_driver.sv(36) @ 665: uvm_test_top.env.ahb_agt.driver [run_phase] Start WRITE transaction - ADRRESS: 0x18
# UVM_INFO ./../vip/ahb_vip/ahb_driver.sv(62) @ 695: uvm_test_top.env.ahb_agt.driver [run_phase] Completed WRITE transaction at addr 0x18 and data: 0x79
# UVM_INFO ./../regmodel/uart_reg2ahb_adapter.sv(41) @ 695: reporter [uart_reg2ahb_adapter] bus2reg: address = 0x18, data = 0x79, kind = UVM_WRITE, status = UVM_IS_OK
# UVM_INFO @ 695: reporter [RegModel] Wrote register via map regmodel.ahb_map: regmodel.TBR=0x79
# UVM_INFO ./../regmodel/uart_reg2ahb_adapter.sv(27) @ 695: reporter [uart_reg2ahb_adapter] reg2bus: address = 0x18, data = 0x39, kind = WRITE
# UVM_INFO ./../vip/ahb_vip/ahb_monitor.sv(36) @ 696: uvm_test_top.env.ahb_agt.monitor [ahb_monitor] Finish
# UVM_INFO ./../vip/ahb_vip/ahb_monitor.sv(37) @ 696: uvm_test_top.env.ahb_agt.monitor [ahb_monitor] Send trans from monitor to scoreboard: 
# ----------------------------------------------
# Name          Type             Size  Value    
# ----------------------------------------------
# trans         ahb_transaction  -     @1694    
#   xact_type   xact_type_enum   1     WRITE    
#   xfer_size   xfer_size_enum   3     SIZE_8BIT
#   burst_type  burst_type_enum  3     SINGLE   
#   addr        integral         10    'h18     
#   data        integral         32    'h79     
#   prot        integral         4     'h0      
#   lock        integral         1     'h0      
#   resp        integral         1     'h0      
# ----------------------------------------------
# 
# UVM_INFO ./../regmodel/uart_reg2ahb_adapter.sv(41) @ 696: reporter [uart_reg2ahb_adapter] bus2reg: address = 0x18, data = 0x79, kind = UVM_WRITE, status = UVM_IS_OK
# UVM_INFO /ictc/other/tools/QuestaDVA/questasim/verilog_src/uvm-1.2/src/reg/uvm_reg_predictor.svh(221) @ 696: uvm_test_top.env.ahb_predictor [REG_PREDICT] Observed WRITE transaction to register regmodel.TBR: value='h79 : updated value = 'h79
# UVM_INFO ./../vip/ahb_vip/ahb_monitor.sv(22) @ 696: uvm_test_top.env.ahb_agt.monitor [ahb_monitor] Capturing data from DUT
# UVM_INFO ./../vip/ahb_vip/ahb_driver.sv(36) @ 705: uvm_test_top.env.ahb_agt.driver [run_phase] Start WRITE transaction - ADRRESS: 0x18
# UVM_INFO ./../vip/ahb_vip/ahb_driver.sv(62) @ 735: uvm_test_top.env.ahb_agt.driver [run_phase] Completed WRITE transaction at addr 0x18 and data: 0x39
# UVM_INFO ./../regmodel/uart_reg2ahb_adapter.sv(41) @ 735: reporter [uart_reg2ahb_adapter] bus2reg: address = 0x18, data = 0x39, kind = UVM_WRITE, status = UVM_IS_OK
# UVM_INFO @ 735: reporter [RegModel] Wrote register via map regmodel.ahb_map: regmodel.TBR=0x39
# UVM_INFO ./../regmodel/uart_reg2ahb_adapter.sv(27) @ 735: reporter [uart_reg2ahb_adapter] reg2bus: address = 0x18, data = 0x76, kind = WRITE
# UVM_INFO ./../vip/ahb_vip/ahb_monitor.sv(36) @ 736: uvm_test_top.env.ahb_agt.monitor [ahb_monitor] Finish
# UVM_INFO ./../vip/ahb_vip/ahb_monitor.sv(37) @ 736: uvm_test_top.env.ahb_agt.monitor [ahb_monitor] Send trans from monitor to scoreboard: 
# ----------------------------------------------
# Name          Type             Size  Value    
# ----------------------------------------------
# trans         ahb_transaction  -     @1740    
#   xact_type   xact_type_enum   1     WRITE    
#   xfer_size   xfer_size_enum   3     SIZE_8BIT
#   burst_type  burst_type_enum  3     SINGLE   
#   addr        integral         10    'h18     
#   data        integral         32    'h39     
#   prot        integral         4     'h0      
#   lock        integral         1     'h0      
#   resp        integral         1     'h0      
# ----------------------------------------------
# 
# UVM_INFO ./../regmodel/uart_reg2ahb_adapter.sv(41) @ 736: reporter [uart_reg2ahb_adapter] bus2reg: address = 0x18, data = 0x39, kind = UVM_WRITE, status = UVM_IS_OK
# UVM_INFO /ictc/other/tools/QuestaDVA/questasim/verilog_src/uvm-1.2/src/reg/uvm_reg_predictor.svh(221) @ 736: uvm_test_top.env.ahb_predictor [REG_PREDICT] Observed WRITE transaction to register regmodel.TBR: value='h39 : updated value = 'h39
# UVM_INFO ./../vip/ahb_vip/ahb_monitor.sv(22) @ 736: uvm_test_top.env.ahb_agt.monitor [ahb_monitor] Capturing data from DUT
# UVM_INFO ./../vip/ahb_vip/ahb_driver.sv(36) @ 745: uvm_test_top.env.ahb_agt.driver [run_phase] Start WRITE transaction - ADRRESS: 0x18
# UVM_INFO ./../vip/ahb_vip/ahb_driver.sv(62) @ 775: uvm_test_top.env.ahb_agt.driver [run_phase] Completed WRITE transaction at addr 0x18 and data: 0x76
# UVM_INFO ./../regmodel/uart_reg2ahb_adapter.sv(41) @ 775: reporter [uart_reg2ahb_adapter] bus2reg: address = 0x18, data = 0x76, kind = UVM_WRITE, status = UVM_IS_OK
# UVM_INFO @ 775: reporter [RegModel] Wrote register via map regmodel.ahb_map: regmodel.TBR=0x76
# UVM_INFO ./../regmodel/uart_reg2ahb_adapter.sv(27) @ 775: reporter [uart_reg2ahb_adapter] reg2bus: address = 0x18, data = 0x30, kind = WRITE
# UVM_INFO ./../vip/ahb_vip/ahb_monitor.sv(36) @ 776: uvm_test_top.env.ahb_agt.monitor [ahb_monitor] Finish
# UVM_INFO ./../vip/ahb_vip/ahb_monitor.sv(37) @ 776: uvm_test_top.env.ahb_agt.monitor [ahb_monitor] Send trans from monitor to scoreboard: 
# ----------------------------------------------
# Name          Type             Size  Value    
# ----------------------------------------------
# trans         ahb_transaction  -     @1786    
#   xact_type   xact_type_enum   1     WRITE    
#   xfer_size   xfer_size_enum   3     SIZE_8BIT
#   burst_type  burst_type_enum  3     SINGLE   
#   addr        integral         10    'h18     
#   data        integral         32    'h76     
#   prot        integral         4     'h0      
#   lock        integral         1     'h0      
#   resp        integral         1     'h0      
# ----------------------------------------------
# 
# UVM_INFO ./../regmodel/uart_reg2ahb_adapter.sv(41) @ 776: reporter [uart_reg2ahb_adapter] bus2reg: address = 0x18, data = 0x76, kind = UVM_WRITE, status = UVM_IS_OK
# UVM_INFO /ictc/other/tools/QuestaDVA/questasim/verilog_src/uvm-1.2/src/reg/uvm_reg_predictor.svh(221) @ 776: uvm_test_top.env.ahb_predictor [REG_PREDICT] Observed WRITE transaction to register regmodel.TBR: value='h76 : updated value = 'h76
# UVM_INFO ./../vip/ahb_vip/ahb_monitor.sv(22) @ 776: uvm_test_top.env.ahb_agt.monitor [ahb_monitor] Capturing data from DUT
# UVM_INFO ./../vip/ahb_vip/ahb_driver.sv(36) @ 785: uvm_test_top.env.ahb_agt.driver [run_phase] Start WRITE transaction - ADRRESS: 0x18
# UVM_INFO ./../vip/ahb_vip/ahb_driver.sv(62) @ 815: uvm_test_top.env.ahb_agt.driver [run_phase] Completed WRITE transaction at addr 0x18 and data: 0x30
# UVM_INFO ./../regmodel/uart_reg2ahb_adapter.sv(41) @ 815: reporter [uart_reg2ahb_adapter] bus2reg: address = 0x18, data = 0x30, kind = UVM_WRITE, status = UVM_IS_OK
# UVM_INFO @ 815: reporter [RegModel] Wrote register via map regmodel.ahb_map: regmodel.TBR=0x30
# UVM_INFO ./../regmodel/uart_reg2ahb_adapter.sv(27) @ 815: reporter [uart_reg2ahb_adapter] reg2bus: address = 0x18, data = 0xd7, kind = WRITE
# UVM_INFO ./../vip/ahb_vip/ahb_monitor.sv(36) @ 816: uvm_test_top.env.ahb_agt.monitor [ahb_monitor] Finish
# UVM_INFO ./../vip/ahb_vip/ahb_monitor.sv(37) @ 816: uvm_test_top.env.ahb_agt.monitor [ahb_monitor] Send trans from monitor to scoreboard: 
# ----------------------------------------------
# Name          Type             Size  Value    
# ----------------------------------------------
# trans         ahb_transaction  -     @1832    
#   xact_type   xact_type_enum   1     WRITE    
#   xfer_size   xfer_size_enum   3     SIZE_8BIT
#   burst_type  burst_type_enum  3     SINGLE   
#   addr        integral         10    'h18     
#   data        integral         32    'h30     
#   prot        integral         4     'h0      
#   lock        integral         1     'h0      
#   resp        integral         1     'h0      
# ----------------------------------------------
# 
# UVM_INFO ./../regmodel/uart_reg2ahb_adapter.sv(41) @ 816: reporter [uart_reg2ahb_adapter] bus2reg: address = 0x18, data = 0x30, kind = UVM_WRITE, status = UVM_IS_OK
# UVM_INFO /ictc/other/tools/QuestaDVA/questasim/verilog_src/uvm-1.2/src/reg/uvm_reg_predictor.svh(221) @ 816: uvm_test_top.env.ahb_predictor [REG_PREDICT] Observed WRITE transaction to register regmodel.TBR: value='h30 : updated value = 'h30
# UVM_INFO ./../vip/ahb_vip/ahb_monitor.sv(22) @ 816: uvm_test_top.env.ahb_agt.monitor [ahb_monitor] Capturing data from DUT
# UVM_INFO ./../vip/ahb_vip/ahb_driver.sv(36) @ 825: uvm_test_top.env.ahb_agt.driver [run_phase] Start WRITE transaction - ADRRESS: 0x18
# UVM_INFO ./../vip/ahb_vip/ahb_driver.sv(62) @ 855: uvm_test_top.env.ahb_agt.driver [run_phase] Completed WRITE transaction at addr 0x18 and data: 0xd7
# UVM_INFO ./../regmodel/uart_reg2ahb_adapter.sv(41) @ 855: reporter [uart_reg2ahb_adapter] bus2reg: address = 0x18, data = 0xd7, kind = UVM_WRITE, status = UVM_IS_OK
# UVM_INFO @ 855: reporter [RegModel] Wrote register via map regmodel.ahb_map: regmodel.TBR=0xd7
# UVM_INFO ./../regmodel/uart_reg2ahb_adapter.sv(27) @ 855: reporter [uart_reg2ahb_adapter] reg2bus: address = 0x18, data = 0xf8, kind = WRITE
# UVM_INFO ./../vip/ahb_vip/ahb_monitor.sv(36) @ 856: uvm_test_top.env.ahb_agt.monitor [ahb_monitor] Finish
# UVM_INFO ./../vip/ahb_vip/ahb_monitor.sv(37) @ 856: uvm_test_top.env.ahb_agt.monitor [ahb_monitor] Send trans from monitor to scoreboard: 
# ----------------------------------------------
# Name          Type             Size  Value    
# ----------------------------------------------
# trans         ahb_transaction  -     @1878    
#   xact_type   xact_type_enum   1     WRITE    
#   xfer_size   xfer_size_enum   3     SIZE_8BIT
#   burst_type  burst_type_enum  3     SINGLE   
#   addr        integral         10    'h18     
#   data        integral         32    'hd7     
#   prot        integral         4     'h0      
#   lock        integral         1     'h0      
#   resp        integral         1     'h0      
# ----------------------------------------------
# 
# UVM_INFO ./../regmodel/uart_reg2ahb_adapter.sv(41) @ 856: reporter [uart_reg2ahb_adapter] bus2reg: address = 0x18, data = 0xd7, kind = UVM_WRITE, status = UVM_IS_OK
# UVM_INFO /ictc/other/tools/QuestaDVA/questasim/verilog_src/uvm-1.2/src/reg/uvm_reg_predictor.svh(221) @ 856: uvm_test_top.env.ahb_predictor [REG_PREDICT] Observed WRITE transaction to register regmodel.TBR: value='hd7 : updated value = 'hd7
# UVM_INFO ./../vip/ahb_vip/ahb_monitor.sv(22) @ 856: uvm_test_top.env.ahb_agt.monitor [ahb_monitor] Capturing data from DUT
# UVM_INFO ./../vip/ahb_vip/ahb_driver.sv(36) @ 865: uvm_test_top.env.ahb_agt.driver [run_phase] Start WRITE transaction - ADRRESS: 0x18
# UVM_INFO ./../vip/ahb_vip/ahb_driver.sv(62) @ 895: uvm_test_top.env.ahb_agt.driver [run_phase] Completed WRITE transaction at addr 0x18 and data: 0xf8
# UVM_INFO ./../regmodel/uart_reg2ahb_adapter.sv(41) @ 895: reporter [uart_reg2ahb_adapter] bus2reg: address = 0x18, data = 0xf8, kind = UVM_WRITE, status = UVM_IS_OK
# UVM_INFO @ 895: reporter [RegModel] Wrote register via map regmodel.ahb_map: regmodel.TBR=0xf8
# UVM_INFO ./../regmodel/uart_reg2ahb_adapter.sv(27) @ 895: reporter [uart_reg2ahb_adapter] reg2bus: address = 0x18, data = 0x8f, kind = WRITE
# UVM_INFO ./../vip/ahb_vip/ahb_monitor.sv(36) @ 896: uvm_test_top.env.ahb_agt.monitor [ahb_monitor] Finish
# UVM_INFO ./../vip/ahb_vip/ahb_monitor.sv(37) @ 896: uvm_test_top.env.ahb_agt.monitor [ahb_monitor] Send trans from monitor to scoreboard: 
# ----------------------------------------------
# Name          Type             Size  Value    
# ----------------------------------------------
# trans         ahb_transaction  -     @1924    
#   xact_type   xact_type_enum   1     WRITE    
#   xfer_size   xfer_size_enum   3     SIZE_8BIT
#   burst_type  burst_type_enum  3     SINGLE   
#   addr        integral         10    'h18     
#   data        integral         32    'hf8     
#   prot        integral         4     'h0      
#   lock        integral         1     'h0      
#   resp        integral         1     'h0      
# ----------------------------------------------
# 
# UVM_INFO ./../regmodel/uart_reg2ahb_adapter.sv(41) @ 896: reporter [uart_reg2ahb_adapter] bus2reg: address = 0x18, data = 0xf8, kind = UVM_WRITE, status = UVM_IS_OK
# UVM_INFO /ictc/other/tools/QuestaDVA/questasim/verilog_src/uvm-1.2/src/reg/uvm_reg_predictor.svh(221) @ 896: uvm_test_top.env.ahb_predictor [REG_PREDICT] Observed WRITE transaction to register regmodel.TBR: value='hf8 : updated value = 'hf8
# UVM_INFO ./../vip/ahb_vip/ahb_monitor.sv(22) @ 896: uvm_test_top.env.ahb_agt.monitor [ahb_monitor] Capturing data from DUT
# UVM_INFO ./../vip/ahb_vip/ahb_driver.sv(36) @ 905: uvm_test_top.env.ahb_agt.driver [run_phase] Start WRITE transaction - ADRRESS: 0x18
# UVM_INFO ./../vip/ahb_vip/ahb_driver.sv(62) @ 935: uvm_test_top.env.ahb_agt.driver [run_phase] Completed WRITE transaction at addr 0x18 and data: 0x8f
# UVM_INFO ./../regmodel/uart_reg2ahb_adapter.sv(41) @ 935: reporter [uart_reg2ahb_adapter] bus2reg: address = 0x18, data = 0x8f, kind = UVM_WRITE, status = UVM_IS_OK
# UVM_INFO @ 935: reporter [RegModel] Wrote register via map regmodel.ahb_map: regmodel.TBR=0x8f
# UVM_INFO ./../regmodel/uart_reg2ahb_adapter.sv(27) @ 935: reporter [uart_reg2ahb_adapter] reg2bus: address = 0x18, data = 0x60, kind = WRITE
# UVM_INFO ./../vip/ahb_vip/ahb_monitor.sv(36) @ 936: uvm_test_top.env.ahb_agt.monitor [ahb_monitor] Finish
# UVM_INFO ./../vip/ahb_vip/ahb_monitor.sv(37) @ 936: uvm_test_top.env.ahb_agt.monitor [ahb_monitor] Send trans from monitor to scoreboard: 
# ----------------------------------------------
# Name          Type             Size  Value    
# ----------------------------------------------
# trans         ahb_transaction  -     @1970    
#   xact_type   xact_type_enum   1     WRITE    
#   xfer_size   xfer_size_enum   3     SIZE_8BIT
#   burst_type  burst_type_enum  3     SINGLE   
#   addr        integral         10    'h18     
#   data        integral         32    'h8f     
#   prot        integral         4     'h0      
#   lock        integral         1     'h0      
#   resp        integral         1     'h0      
# ----------------------------------------------
# 
# UVM_INFO ./../regmodel/uart_reg2ahb_adapter.sv(41) @ 936: reporter [uart_reg2ahb_adapter] bus2reg: address = 0x18, data = 0x8f, kind = UVM_WRITE, status = UVM_IS_OK
# UVM_INFO /ictc/other/tools/QuestaDVA/questasim/verilog_src/uvm-1.2/src/reg/uvm_reg_predictor.svh(221) @ 936: uvm_test_top.env.ahb_predictor [REG_PREDICT] Observed WRITE transaction to register regmodel.TBR: value='h8f : updated value = 'h8f
# UVM_INFO ./../vip/ahb_vip/ahb_monitor.sv(22) @ 936: uvm_test_top.env.ahb_agt.monitor [ahb_monitor] Capturing data from DUT
# UVM_INFO ./../vip/ahb_vip/ahb_driver.sv(36) @ 945: uvm_test_top.env.ahb_agt.driver [run_phase] Start WRITE transaction - ADRRESS: 0x18
# UVM_INFO ./../vip/ahb_vip/ahb_driver.sv(62) @ 975: uvm_test_top.env.ahb_agt.driver [run_phase] Completed WRITE transaction at addr 0x18 and data: 0x60
# UVM_INFO ./../regmodel/uart_reg2ahb_adapter.sv(41) @ 975: reporter [uart_reg2ahb_adapter] bus2reg: address = 0x18, data = 0x60, kind = UVM_WRITE, status = UVM_IS_OK
# UVM_INFO @ 975: reporter [RegModel] Wrote register via map regmodel.ahb_map: regmodel.TBR=0x60
# UVM_INFO ./../regmodel/uart_reg2ahb_adapter.sv(27) @ 975: reporter [uart_reg2ahb_adapter] reg2bus: address = 0x18, data = 0x28, kind = WRITE
# UVM_INFO ./../vip/ahb_vip/ahb_monitor.sv(36) @ 976: uvm_test_top.env.ahb_agt.monitor [ahb_monitor] Finish
# UVM_INFO ./../vip/ahb_vip/ahb_monitor.sv(37) @ 976: uvm_test_top.env.ahb_agt.monitor [ahb_monitor] Send trans from monitor to scoreboard: 
# ----------------------------------------------
# Name          Type             Size  Value    
# ----------------------------------------------
# trans         ahb_transaction  -     @2016    
#   xact_type   xact_type_enum   1     WRITE    
#   xfer_size   xfer_size_enum   3     SIZE_8BIT
#   burst_type  burst_type_enum  3     SINGLE   
#   addr        integral         10    'h18     
#   data        integral         32    'h60     
#   prot        integral         4     'h0      
#   lock        integral         1     'h0      
#   resp        integral         1     'h0      
# ----------------------------------------------
# 
# UVM_INFO ./../regmodel/uart_reg2ahb_adapter.sv(41) @ 976: reporter [uart_reg2ahb_adapter] bus2reg: address = 0x18, data = 0x60, kind = UVM_WRITE, status = UVM_IS_OK
# UVM_INFO /ictc/other/tools/QuestaDVA/questasim/verilog_src/uvm-1.2/src/reg/uvm_reg_predictor.svh(221) @ 976: uvm_test_top.env.ahb_predictor [REG_PREDICT] Observed WRITE transaction to register regmodel.TBR: value='h60 : updated value = 'h60
# UVM_INFO ./../vip/ahb_vip/ahb_monitor.sv(22) @ 976: uvm_test_top.env.ahb_agt.monitor [ahb_monitor] Capturing data from DUT
# UVM_INFO ./../vip/ahb_vip/ahb_driver.sv(36) @ 985: uvm_test_top.env.ahb_agt.driver [run_phase] Start WRITE transaction - ADRRESS: 0x18
# UVM_INFO ./../vip/ahb_vip/ahb_driver.sv(62) @ 1015: uvm_test_top.env.ahb_agt.driver [run_phase] Completed WRITE transaction at addr 0x18 and data: 0x28
# UVM_INFO ./../regmodel/uart_reg2ahb_adapter.sv(41) @ 1015: reporter [uart_reg2ahb_adapter] bus2reg: address = 0x18, data = 0x28, kind = UVM_WRITE, status = UVM_IS_OK
# UVM_INFO @ 1015: reporter [RegModel] Wrote register via map regmodel.ahb_map: regmodel.TBR=0x28
# UVM_INFO ./../regmodel/uart_reg2ahb_adapter.sv(27) @ 1015: reporter [uart_reg2ahb_adapter] reg2bus: address = 0x18, data = 0xff, kind = WRITE
# UVM_INFO ./../vip/ahb_vip/ahb_monitor.sv(36) @ 1016: uvm_test_top.env.ahb_agt.monitor [ahb_monitor] Finish
# UVM_INFO ./../vip/ahb_vip/ahb_monitor.sv(37) @ 1016: uvm_test_top.env.ahb_agt.monitor [ahb_monitor] Send trans from monitor to scoreboard: 
# ----------------------------------------------
# Name          Type             Size  Value    
# ----------------------------------------------
# trans         ahb_transaction  -     @2062    
#   xact_type   xact_type_enum   1     WRITE    
#   xfer_size   xfer_size_enum   3     SIZE_8BIT
#   burst_type  burst_type_enum  3     SINGLE   
#   addr        integral         10    'h18     
#   data        integral         32    'h28     
#   prot        integral         4     'h0      
#   lock        integral         1     'h0      
#   resp        integral         1     'h0      
# ----------------------------------------------
# 
# UVM_INFO ./../regmodel/uart_reg2ahb_adapter.sv(41) @ 1016: reporter [uart_reg2ahb_adapter] bus2reg: address = 0x18, data = 0x28, kind = UVM_WRITE, status = UVM_IS_OK
# UVM_INFO /ictc/other/tools/QuestaDVA/questasim/verilog_src/uvm-1.2/src/reg/uvm_reg_predictor.svh(221) @ 1016: uvm_test_top.env.ahb_predictor [REG_PREDICT] Observed WRITE transaction to register regmodel.TBR: value='h28 : updated value = 'h28
# UVM_INFO ./../vip/ahb_vip/ahb_monitor.sv(22) @ 1016: uvm_test_top.env.ahb_agt.monitor [ahb_monitor] Capturing data from DUT
# UVM_INFO ./../vip/ahb_vip/ahb_driver.sv(36) @ 1025: uvm_test_top.env.ahb_agt.driver [run_phase] Start WRITE transaction - ADRRESS: 0x18
# UVM_INFO ./../vip/ahb_vip/ahb_driver.sv(62) @ 1055: uvm_test_top.env.ahb_agt.driver [run_phase] Completed WRITE transaction at addr 0x18 and data: 0xff
# UVM_INFO ./../regmodel/uart_reg2ahb_adapter.sv(41) @ 1055: reporter [uart_reg2ahb_adapter] bus2reg: address = 0x18, data = 0xff, kind = UVM_WRITE, status = UVM_IS_OK
# UVM_INFO @ 1055: reporter [RegModel] Wrote register via map regmodel.ahb_map: regmodel.TBR=0xff
# UVM_INFO ./../vip/ahb_vip/ahb_monitor.sv(36) @ 1056: uvm_test_top.env.ahb_agt.monitor [ahb_monitor] Finish
# UVM_INFO ./../vip/ahb_vip/ahb_monitor.sv(37) @ 1056: uvm_test_top.env.ahb_agt.monitor [ahb_monitor] Send trans from monitor to scoreboard: 
# ----------------------------------------------
# Name          Type             Size  Value    
# ----------------------------------------------
# trans         ahb_transaction  -     @2108    
#   xact_type   xact_type_enum   1     WRITE    
#   xfer_size   xfer_size_enum   3     SIZE_8BIT
#   burst_type  burst_type_enum  3     SINGLE   
#   addr        integral         10    'h18     
#   data        integral         32    'hff     
#   prot        integral         4     'h0      
#   lock        integral         1     'h0      
#   resp        integral         1     'h0      
# ----------------------------------------------
# 
# UVM_INFO ./../regmodel/uart_reg2ahb_adapter.sv(41) @ 1056: reporter [uart_reg2ahb_adapter] bus2reg: address = 0x18, data = 0xff, kind = UVM_WRITE, status = UVM_IS_OK
# UVM_INFO /ictc/other/tools/QuestaDVA/questasim/verilog_src/uvm-1.2/src/reg/uvm_reg_predictor.svh(221) @ 1056: uvm_test_top.env.ahb_predictor [REG_PREDICT] Observed WRITE transaction to register regmodel.TBR: value='hff : updated value = 'hff
# UVM_INFO ./../vip/ahb_vip/ahb_monitor.sv(22) @ 1056: uvm_test_top.env.ahb_agt.monitor [ahb_monitor] Capturing data from DUT
# UVM_INFO ./../tb/uart_scoreboard.sv(65) @ 378475: uvm_test_top.env.sb [run_phase] Get frame data from rx: 
# --------------------------------------------
# Name      Type              Size  Value     
# --------------------------------------------
# r_trans   uart_transaction  -     @2136     
#   data    integral          8     'b10010001
#   parity  integral          1     'b1       
#   stop    integral          2     'b1       
# --------------------------------------------
# 
# UVM_INFO ./../tb/uart_scoreboard.sv(198) @ 378475: uvm_test_top.env.sb [uart_scoreboard] Entered check wr when tx full
# UVM_INFO ./../tb/uart_scoreboard.sv(205) @ 378475: uvm_test_top.env.sb [uart_scoreboard] Exiting check wr when tx full
# UVM_INFO ./../vip/uart_vip/uart_monitor.sv(100) @ 378475: uvm_test_top.env.uart_agt.monitor [run_phase] Send r_trans from monitor to scoreboard: 
# --------------------------------------------
# Name      Type              Size  Value     
# --------------------------------------------
# r_trans   uart_transaction  -     @2136     
#   data    integral          8     'b10010001
#   parity  integral          1     'b1       
#   stop    integral          2     'b1       
# --------------------------------------------
# 
# UVM_INFO ./../tb/uart_scoreboard.sv(65) @ 771725: uvm_test_top.env.sb [run_phase] Get frame data from rx: 
# --------------------------------------------
# Name      Type              Size  Value     
# --------------------------------------------
# r_trans   uart_transaction  -     @2148     
#   data    integral          8     'b11100011
#   parity  integral          1     'b1       
#   stop    integral          2     'b1       
# --------------------------------------------
# 
# UVM_INFO ./../tb/uart_scoreboard.sv(198) @ 771725: uvm_test_top.env.sb [uart_scoreboard] Entered check wr when tx full
# UVM_INFO ./../tb/uart_scoreboard.sv(205) @ 771725: uvm_test_top.env.sb [uart_scoreboard] Exiting check wr when tx full
# UVM_INFO ./../vip/uart_vip/uart_monitor.sv(100) @ 771725: uvm_test_top.env.uart_agt.monitor [run_phase] Send r_trans from monitor to scoreboard: 
# --------------------------------------------
# Name      Type              Size  Value     
# --------------------------------------------
# r_trans   uart_transaction  -     @2148     
#   data    integral          8     'b11100011
#   parity  integral          1     'b1       
#   stop    integral          2     'b1       
# --------------------------------------------
# 
# UVM_INFO ./../tb/uart_scoreboard.sv(65) @ 1164975: uvm_test_top.env.sb [run_phase] Get frame data from rx: 
# --------------------------------------------
# Name      Type              Size  Value     
# --------------------------------------------
# r_trans   uart_transaction  -     @2160     
#   data    integral          8     'b11010011
#   parity  integral          1     'b1       
#   stop    integral          2     'b1       
# --------------------------------------------
# 
# UVM_INFO ./../tb/uart_scoreboard.sv(198) @ 1164975: uvm_test_top.env.sb [uart_scoreboard] Entered check wr when tx full
# UVM_INFO ./../tb/uart_scoreboard.sv(205) @ 1164975: uvm_test_top.env.sb [uart_scoreboard] Exiting check wr when tx full
# UVM_INFO ./../vip/uart_vip/uart_monitor.sv(100) @ 1164975: uvm_test_top.env.uart_agt.monitor [run_phase] Send r_trans from monitor to scoreboard: 
# --------------------------------------------
# Name      Type              Size  Value     
# --------------------------------------------
# r_trans   uart_transaction  -     @2160     
#   data    integral          8     'b11010011
#   parity  integral          1     'b1       
#   stop    integral          2     'b1       
# --------------------------------------------
# 
# UVM_INFO ./../tb/uart_scoreboard.sv(65) @ 1558225: uvm_test_top.env.sb [run_phase] Get frame data from rx: 
# --------------------------------------------
# Name      Type              Size  Value     
# --------------------------------------------
# r_trans   uart_transaction  -     @2172     
#   data    integral          8     'b10010011
#   parity  integral          1     'b0       
#   stop    integral          2     'b1       
# --------------------------------------------
# 
# UVM_INFO ./../tb/uart_scoreboard.sv(198) @ 1558225: uvm_test_top.env.sb [uart_scoreboard] Entered check wr when tx full
# UVM_INFO ./../tb/uart_scoreboard.sv(205) @ 1558225: uvm_test_top.env.sb [uart_scoreboard] Exiting check wr when tx full
# UVM_INFO ./../vip/uart_vip/uart_monitor.sv(100) @ 1558225: uvm_test_top.env.uart_agt.monitor [run_phase] Send r_trans from monitor to scoreboard: 
# --------------------------------------------
# Name      Type              Size  Value     
# --------------------------------------------
# r_trans   uart_transaction  -     @2172     
#   data    integral          8     'b10010011
#   parity  integral          1     'b0       
#   stop    integral          2     'b1       
# --------------------------------------------
# 
# UVM_INFO ./../tb/uart_scoreboard.sv(65) @ 1951475: uvm_test_top.env.sb [run_phase] Get frame data from rx: 
# ------------------------------------------
# Name      Type              Size  Value   
# ------------------------------------------
# r_trans   uart_transaction  -     @2184   
#   data    integral          8     'b101011
#   parity  integral          1     'b0     
#   stop    integral          2     'b1     
# ------------------------------------------
# 
# UVM_INFO ./../tb/uart_scoreboard.sv(198) @ 1951475: uvm_test_top.env.sb [uart_scoreboard] Entered check wr when tx full
# UVM_INFO ./../tb/uart_scoreboard.sv(205) @ 1951475: uvm_test_top.env.sb [uart_scoreboard] Exiting check wr when tx full
# UVM_INFO ./../vip/uart_vip/uart_monitor.sv(100) @ 1951475: uvm_test_top.env.uart_agt.monitor [run_phase] Send r_trans from monitor to scoreboard: 
# ------------------------------------------
# Name      Type              Size  Value   
# ------------------------------------------
# r_trans   uart_transaction  -     @2184   
#   data    integral          8     'b101011
#   parity  integral          1     'b0     
#   stop    integral          2     'b1     
# ------------------------------------------
# 
# UVM_INFO ./../tb/uart_scoreboard.sv(65) @ 2344725: uvm_test_top.env.sb [run_phase] Get frame data from rx: 
# --------------------------------------------
# Name      Type              Size  Value     
# --------------------------------------------
# r_trans   uart_transaction  -     @2196     
#   data    integral          8     'b10001110
#   parity  integral          1     'b0       
#   stop    integral          2     'b1       
# --------------------------------------------
# 
# UVM_INFO ./../tb/uart_scoreboard.sv(198) @ 2344725: uvm_test_top.env.sb [uart_scoreboard] Entered check wr when tx full
# UVM_INFO ./../tb/uart_scoreboard.sv(205) @ 2344725: uvm_test_top.env.sb [uart_scoreboard] Exiting check wr when tx full
# UVM_INFO ./../vip/uart_vip/uart_monitor.sv(100) @ 2344725: uvm_test_top.env.uart_agt.monitor [run_phase] Send r_trans from monitor to scoreboard: 
# --------------------------------------------
# Name      Type              Size  Value     
# --------------------------------------------
# r_trans   uart_transaction  -     @2196     
#   data    integral          8     'b10001110
#   parity  integral          1     'b0       
#   stop    integral          2     'b1       
# --------------------------------------------
# 
# UVM_INFO ./../tb/uart_scoreboard.sv(65) @ 2737975: uvm_test_top.env.sb [run_phase] Get frame data from rx: 
# ------------------------------------------
# Name      Type              Size  Value   
# ------------------------------------------
# r_trans   uart_transaction  -     @2208   
#   data    integral          8     'b110110
#   parity  integral          1     'b0     
#   stop    integral          2     'b1     
# ------------------------------------------
# 
# UVM_INFO ./../tb/uart_scoreboard.sv(198) @ 2737975: uvm_test_top.env.sb [uart_scoreboard] Entered check wr when tx full
# UVM_INFO ./../tb/uart_scoreboard.sv(205) @ 2737975: uvm_test_top.env.sb [uart_scoreboard] Exiting check wr when tx full
# UVM_INFO ./../vip/uart_vip/uart_monitor.sv(100) @ 2737975: uvm_test_top.env.uart_agt.monitor [run_phase] Send r_trans from monitor to scoreboard: 
# ------------------------------------------
# Name      Type              Size  Value   
# ------------------------------------------
# r_trans   uart_transaction  -     @2208   
#   data    integral          8     'b110110
#   parity  integral          1     'b0     
#   stop    integral          2     'b1     
# ------------------------------------------
# 
# UVM_INFO ./../tb/uart_scoreboard.sv(65) @ 3131225: uvm_test_top.env.sb [run_phase] Get frame data from rx: 
# --------------------------------------------
# Name      Type              Size  Value     
# --------------------------------------------
# r_trans   uart_transaction  -     @2220     
#   data    integral          8     'b11110001
#   parity  integral          1     'b1       
#   stop    integral          2     'b1       
# --------------------------------------------
# 
# UVM_INFO ./../tb/uart_scoreboard.sv(198) @ 3131225: uvm_test_top.env.sb [uart_scoreboard] Entered check wr when tx full
# UVM_INFO ./../tb/uart_scoreboard.sv(205) @ 3131225: uvm_test_top.env.sb [uart_scoreboard] Exiting check wr when tx full
# UVM_INFO ./../vip/uart_vip/uart_monitor.sv(100) @ 3131225: uvm_test_top.env.uart_agt.monitor [run_phase] Send r_trans from monitor to scoreboard: 
# --------------------------------------------
# Name      Type              Size  Value     
# --------------------------------------------
# r_trans   uart_transaction  -     @2220     
#   data    integral          8     'b11110001
#   parity  integral          1     'b1       
#   stop    integral          2     'b1       
# --------------------------------------------
# 
# UVM_INFO ./../tb/uart_scoreboard.sv(65) @ 3524475: uvm_test_top.env.sb [run_phase] Get frame data from rx: 
# -------------------------------------------
# Name      Type              Size  Value    
# -------------------------------------------
# r_trans   uart_transaction  -     @2232    
#   data    integral          8     'b1111001
#   parity  integral          1     'b1      
#   stop    integral          2     'b1      
# -------------------------------------------
# 
# UVM_INFO ./../tb/uart_scoreboard.sv(198) @ 3524475: uvm_test_top.env.sb [uart_scoreboard] Entered check wr when tx full
# UVM_INFO ./../tb/uart_scoreboard.sv(205) @ 3524475: uvm_test_top.env.sb [uart_scoreboard] Exiting check wr when tx full
# UVM_INFO ./../vip/uart_vip/uart_monitor.sv(100) @ 3524475: uvm_test_top.env.uart_agt.monitor [run_phase] Send r_trans from monitor to scoreboard: 
# -------------------------------------------
# Name      Type              Size  Value    
# -------------------------------------------
# r_trans   uart_transaction  -     @2232    
#   data    integral          8     'b1111001
#   parity  integral          1     'b1      
#   stop    integral          2     'b1      
# -------------------------------------------
# 
# UVM_INFO ./../tb/uart_scoreboard.sv(65) @ 3917725: uvm_test_top.env.sb [run_phase] Get frame data from rx: 
# ------------------------------------------
# Name      Type              Size  Value   
# ------------------------------------------
# r_trans   uart_transaction  -     @2244   
#   data    integral          8     'b111001
#   parity  integral          1     'b0     
#   stop    integral          2     'b1     
# ------------------------------------------
# 
# UVM_INFO ./../tb/uart_scoreboard.sv(198) @ 3917725: uvm_test_top.env.sb [uart_scoreboard] Entered check wr when tx full
# UVM_INFO ./../tb/uart_scoreboard.sv(205) @ 3917725: uvm_test_top.env.sb [uart_scoreboard] Exiting check wr when tx full
# UVM_INFO ./../vip/uart_vip/uart_monitor.sv(100) @ 3917725: uvm_test_top.env.uart_agt.monitor [run_phase] Send r_trans from monitor to scoreboard: 
# ------------------------------------------
# Name      Type              Size  Value   
# ------------------------------------------
# r_trans   uart_transaction  -     @2244   
#   data    integral          8     'b111001
#   parity  integral          1     'b0     
#   stop    integral          2     'b1     
# ------------------------------------------
# 
# UVM_INFO ./../tb/uart_scoreboard.sv(65) @ 4310975: uvm_test_top.env.sb [run_phase] Get frame data from rx: 
# -------------------------------------------
# Name      Type              Size  Value    
# -------------------------------------------
# r_trans   uart_transaction  -     @2256    
#   data    integral          8     'b1110110
#   parity  integral          1     'b1      
#   stop    integral          2     'b1      
# -------------------------------------------
# 
# UVM_INFO ./../tb/uart_scoreboard.sv(198) @ 4310975: uvm_test_top.env.sb [uart_scoreboard] Entered check wr when tx full
# UVM_INFO ./../tb/uart_scoreboard.sv(205) @ 4310975: uvm_test_top.env.sb [uart_scoreboard] Exiting check wr when tx full
# UVM_INFO ./../vip/uart_vip/uart_monitor.sv(100) @ 4310975: uvm_test_top.env.uart_agt.monitor [run_phase] Send r_trans from monitor to scoreboard: 
# -------------------------------------------
# Name      Type              Size  Value    
# -------------------------------------------
# r_trans   uart_transaction  -     @2256    
#   data    integral          8     'b1110110
#   parity  integral          1     'b1      
#   stop    integral          2     'b1      
# -------------------------------------------
# 
# UVM_INFO ./../tb/uart_scoreboard.sv(65) @ 4704225: uvm_test_top.env.sb [run_phase] Get frame data from rx: 
# ------------------------------------------
# Name      Type              Size  Value   
# ------------------------------------------
# r_trans   uart_transaction  -     @2268   
#   data    integral          8     'b110000
#   parity  integral          1     'b0     
#   stop    integral          2     'b1     
# ------------------------------------------
# 
# UVM_INFO ./../tb/uart_scoreboard.sv(198) @ 4704225: uvm_test_top.env.sb [uart_scoreboard] Entered check wr when tx full
# UVM_INFO ./../tb/uart_scoreboard.sv(205) @ 4704225: uvm_test_top.env.sb [uart_scoreboard] Exiting check wr when tx full
# UVM_INFO ./../vip/uart_vip/uart_monitor.sv(100) @ 4704225: uvm_test_top.env.uart_agt.monitor [run_phase] Send r_trans from monitor to scoreboard: 
# ------------------------------------------
# Name      Type              Size  Value   
# ------------------------------------------
# r_trans   uart_transaction  -     @2268   
#   data    integral          8     'b110000
#   parity  integral          1     'b0     
#   stop    integral          2     'b1     
# ------------------------------------------
# 
# UVM_INFO ./../tb/uart_scoreboard.sv(65) @ 5097475: uvm_test_top.env.sb [run_phase] Get frame data from rx: 
# --------------------------------------------
# Name      Type              Size  Value     
# --------------------------------------------
# r_trans   uart_transaction  -     @2280     
#   data    integral          8     'b11010111
#   parity  integral          1     'b0       
#   stop    integral          2     'b1       
# --------------------------------------------
# 
# UVM_INFO ./../tb/uart_scoreboard.sv(198) @ 5097475: uvm_test_top.env.sb [uart_scoreboard] Entered check wr when tx full
# UVM_INFO ./../tb/uart_scoreboard.sv(205) @ 5097475: uvm_test_top.env.sb [uart_scoreboard] Exiting check wr when tx full
# UVM_INFO ./../vip/uart_vip/uart_monitor.sv(100) @ 5097475: uvm_test_top.env.uart_agt.monitor [run_phase] Send r_trans from monitor to scoreboard: 
# --------------------------------------------
# Name      Type              Size  Value     
# --------------------------------------------
# r_trans   uart_transaction  -     @2280     
#   data    integral          8     'b11010111
#   parity  integral          1     'b0       
#   stop    integral          2     'b1       
# --------------------------------------------
# 
# UVM_INFO ./../tb/uart_scoreboard.sv(65) @ 5490725: uvm_test_top.env.sb [run_phase] Get frame data from rx: 
# --------------------------------------------
# Name      Type              Size  Value     
# --------------------------------------------
# r_trans   uart_transaction  -     @2292     
#   data    integral          8     'b11111000
#   parity  integral          1     'b1       
#   stop    integral          2     'b1       
# --------------------------------------------
# 
# UVM_INFO ./../tb/uart_scoreboard.sv(198) @ 5490725: uvm_test_top.env.sb [uart_scoreboard] Entered check wr when tx full
# UVM_INFO ./../tb/uart_scoreboard.sv(205) @ 5490725: uvm_test_top.env.sb [uart_scoreboard] Exiting check wr when tx full
# UVM_INFO ./../vip/uart_vip/uart_monitor.sv(100) @ 5490725: uvm_test_top.env.uart_agt.monitor [run_phase] Send r_trans from monitor to scoreboard: 
# --------------------------------------------
# Name      Type              Size  Value     
# --------------------------------------------
# r_trans   uart_transaction  -     @2292     
#   data    integral          8     'b11111000
#   parity  integral          1     'b1       
#   stop    integral          2     'b1       
# --------------------------------------------
# 
# UVM_INFO ./../tb/uart_scoreboard.sv(65) @ 5883975: uvm_test_top.env.sb [run_phase] Get frame data from rx: 
# --------------------------------------------
# Name      Type              Size  Value     
# --------------------------------------------
# r_trans   uart_transaction  -     @2304     
#   data    integral          8     'b10001111
#   parity  integral          1     'b1       
#   stop    integral          2     'b1       
# --------------------------------------------
# 
# UVM_INFO ./../tb/uart_scoreboard.sv(198) @ 5883975: uvm_test_top.env.sb [uart_scoreboard] Entered check wr when tx full
# UVM_INFO ./../tb/uart_scoreboard.sv(205) @ 5883975: uvm_test_top.env.sb [uart_scoreboard] Exiting check wr when tx full
# UVM_INFO ./../vip/uart_vip/uart_monitor.sv(100) @ 5883975: uvm_test_top.env.uart_agt.monitor [run_phase] Send r_trans from monitor to scoreboard: 
# --------------------------------------------
# Name      Type              Size  Value     
# --------------------------------------------
# r_trans   uart_transaction  -     @2304     
#   data    integral          8     'b10001111
#   parity  integral          1     'b1       
#   stop    integral          2     'b1       
# --------------------------------------------
# 
# UVM_INFO ./../tb/uart_scoreboard.sv(65) @ 6277225: uvm_test_top.env.sb [run_phase] Get frame data from rx: 
# -------------------------------------------
# Name      Type              Size  Value    
# -------------------------------------------
# r_trans   uart_transaction  -     @2316    
#   data    integral          8     'b1100000
#   parity  integral          1     'b0      
#   stop    integral          2     'b1      
# -------------------------------------------
# 
# UVM_INFO ./../tb/uart_scoreboard.sv(198) @ 6277225: uvm_test_top.env.sb [uart_scoreboard] Entered check wr when tx full
# UVM_INFO ./../tb/uart_scoreboard.sv(205) @ 6277225: uvm_test_top.env.sb [uart_scoreboard] Exiting check wr when tx full
# UVM_INFO ./../vip/uart_vip/uart_monitor.sv(100) @ 6277225: uvm_test_top.env.uart_agt.monitor [run_phase] Send r_trans from monitor to scoreboard: 
# -------------------------------------------
# Name      Type              Size  Value    
# -------------------------------------------
# r_trans   uart_transaction  -     @2316    
#   data    integral          8     'b1100000
#   parity  integral          1     'b0      
#   stop    integral          2     'b1      
# -------------------------------------------
# 
# UVM_INFO ./../tb/uart_scoreboard.sv(65) @ 6670475: uvm_test_top.env.sb [run_phase] Get frame data from rx: 
# ------------------------------------------
# Name      Type              Size  Value   
# ------------------------------------------
# r_trans   uart_transaction  -     @2328   
#   data    integral          8     'b101000
#   parity  integral          1     'b0     
#   stop    integral          2     'b1     
# ------------------------------------------
# 
# UVM_INFO ./../tb/uart_scoreboard.sv(198) @ 6670475: uvm_test_top.env.sb [uart_scoreboard] Entered check wr when tx full
# UVM_INFO ./../tb/uart_scoreboard.sv(205) @ 6670475: uvm_test_top.env.sb [uart_scoreboard] Exiting check wr when tx full
# UVM_INFO ./../vip/uart_vip/uart_monitor.sv(100) @ 6670475: uvm_test_top.env.uart_agt.monitor [run_phase] Send r_trans from monitor to scoreboard: 
# ------------------------------------------
# Name      Type              Size  Value   
# ------------------------------------------
# r_trans   uart_transaction  -     @2328   
#   data    integral          8     'b101000
#   parity  integral          1     'b0     
#   stop    integral          2     'b1     
# ------------------------------------------
# 
# UVM_INFO /ictc/other/tools/QuestaDVA/questasim/verilog_src/uvm-1.2/src/base/uvm_objection.svh(1271) @ 7081595: reporter [TEST_DONE] 'run' phase is ready to proceed to the 'extract' phase
# UVM_INFO ./../testcases/uart_base_test.sv(143) @ 7081595: uvm_test_top [final_phase] Entered...
# UVM_INFO ./../testcases/uart_base_test.sv(151) @ 7081595: uvm_test_top [wr_when_tx_full_test] --------------------------------
# UVM_INFO ./../testcases/uart_base_test.sv(152) @ 7081595: uvm_test_top [wr_when_tx_full_test] ----	TEST PASSED	----
# UVM_INFO ./../testcases/uart_base_test.sv(153) @ 7081595: uvm_test_top [wr_when_tx_full_test] --------------------------------
# UVM_INFO ./../testcases/uart_base_test.sv(156) @ 7081595: uvm_test_top [final_phase] Exitting...
# UVM_INFO /ictc/other/tools/QuestaDVA/questasim/verilog_src/uvm-1.2/src/base/uvm_report_catcher.svh(705) @ 7081595: reporter [UVM/REPORT/CATCHER] 
# --- UVM Report catcher Summary ---
# 
# 
# Number of demoted UVM_FATAL reports  :    0
# Number of demoted UVM_ERROR reports  :    0
# Number of demoted UVM_WARNING reports:    0
# Number of caught UVM_FATAL reports   :    0
# Number of caught UVM_ERROR reports   :    0
# Number of caught UVM_WARNING reports :    0
# 
# UVM_INFO /ictc/other/tools/QuestaDVA/questasim/verilog_src/uvm-1.2/src/base/uvm_report_server.svh(847) @ 7081595: reporter [UVM/REPORT/SERVER] 
# --- UVM Report Summary ---
# 
# ** Report counts by severity
# UVM_INFO :  331
# UVM_WARNING :    0
# UVM_ERROR :    0
# UVM_FATAL :    0
# ** Report counts by id
# [NO_DPI_TSTNAME]     1
# [REG_PREDICT]    24
# [RNTST]     1
# [RegModel]    24
# [TEST_DONE]     1
# [UVM/COMP/NAMECHECK]     1
# [UVM/RELNOTES]     1
# [UVM/REPORT/CATCHER]     1
# [UVMTOP]     1
# [ahb_agent]     1
# [ahb_monitor]    73
# [build_phase]     4
# [connect_phase]     2
# [final_phase]     2
# [run_phase]    83
# [uart_agent]     1
# [uart_reg2ahb_adapter]    72
# [uart_scoreboard]    34
# [wr_when_tx_full_test]     4
# 
# ** Note: $finish    : /ictc/other/tools/QuestaDVA/questasim/verilog_src/uvm-1.2/src/base/uvm_root.svh(517)
#    Time: 7081595 ns  Iteration: 68  Instance: /testbench
# Saving coverage database on exit...
# End time: 20:48:31 on Jul 12,2025, Elapsed time: 0:00:06
# Errors: 0, Warnings: 0
